C:\USERS\KUREP_000\DOCUMENTS\VISUAL STUDIO 2012\PROJECTS\KINECTV2_COORDINATECOLORDEPTH\KINECT_COORDINATECOLORDEPTH\X64\DEBUG\MAIN.OBJ
C:\USERS\KUREP_000\DOCUMENTS\VISUAL STUDIO 2012\PROJECTS\KINECTV2_COORDINATECOLORDEPTH\KINECT_COORDINATECOLORDEPTH\X64\DEBUG\VC110.PDB
C:\USERS\KUREP_000\DOCUMENTS\VISUAL STUDIO 2012\PROJECTS\KINECTV2_COORDINATECOLORDEPTH\X64\DEBUG\KINECT_COORDINATECOLORDEPTH.ILK
C:\USERS\KUREP_000\DOCUMENTS\VISUAL STUDIO 2012\PROJECTS\KINECTV2_COORDINATECOLORDEPTH\X64\DEBUG\KINECT_COORDINATECOLORDEPTH.EXE
C:\USERS\KUREP_000\DOCUMENTS\VISUAL STUDIO 2012\PROJECTS\KINECTV2_COORDINATECOLORDEPTH\X64\DEBUG\KINECT_COORDINATECOLORDEPTH.PDB
C:\Users\kurep_000\Documents\Visual Studio 2012\Projects\Kinectv2_CoordinateColorDepth\Kinect_CoordinateColorDepth\x64\Debug\main.obj
C:\Users\kurep_000\Documents\Visual Studio 2012\Projects\Kinectv2_CoordinateColorDepth\Kinect_CoordinateColorDepth\x64\Debug\cl.command.1.tlog
C:\Users\kurep_000\Documents\Visual Studio 2012\Projects\Kinectv2_CoordinateColorDepth\Kinect_CoordinateColorDepth\x64\Debug\CL.read.1.tlog
C:\Users\kurep_000\Documents\Visual Studio 2012\Projects\Kinectv2_CoordinateColorDepth\Kinect_CoordinateColorDepth\x64\Debug\CL.write.1.tlog
C:\Users\kurep_000\Documents\Visual Studio 2012\Projects\Kinectv2_CoordinateColorDepth\Kinect_CoordinateColorDepth\x64\Debug\link-cvtres.read.1.tlog
C:\Users\kurep_000\Documents\Visual Studio 2012\Projects\Kinectv2_CoordinateColorDepth\Kinect_CoordinateColorDepth\x64\Debug\link-cvtres.write.1.tlog
C:\Users\kurep_000\Documents\Visual Studio 2012\Projects\Kinectv2_CoordinateColorDepth\Kinect_CoordinateColorDepth\x64\Debug\link-rc.read.1.tlog
C:\Users\kurep_000\Documents\Visual Studio 2012\Projects\Kinectv2_CoordinateColorDepth\Kinect_CoordinateColorDepth\x64\Debug\link-rc.write.1.tlog
C:\Users\kurep_000\Documents\Visual Studio 2012\Projects\Kinectv2_CoordinateColorDepth\Kinect_CoordinateColorDepth\x64\Debug\link.2176-cvtres.read.1.tlog
C:\Users\kurep_000\Documents\Visual Studio 2012\Projects\Kinectv2_CoordinateColorDepth\Kinect_CoordinateColorDepth\x64\Debug\link.2176-cvtres.write.1.tlog
C:\Users\kurep_000\Documents\Visual Studio 2012\Projects\Kinectv2_CoordinateColorDepth\Kinect_CoordinateColorDepth\x64\Debug\link.2176-rc.read.1.tlog
C:\Users\kurep_000\Documents\Visual Studio 2012\Projects\Kinectv2_CoordinateColorDepth\Kinect_CoordinateColorDepth\x64\Debug\link.2176-rc.write.1.tlog
C:\Users\kurep_000\Documents\Visual Studio 2012\Projects\Kinectv2_CoordinateColorDepth\Kinect_CoordinateColorDepth\x64\Debug\link.2176.read.1.tlog
C:\Users\kurep_000\Documents\Visual Studio 2012\Projects\Kinectv2_CoordinateColorDepth\Kinect_CoordinateColorDepth\x64\Debug\link.2176.write.1.tlog
C:\Users\kurep_000\Documents\Visual Studio 2012\Projects\Kinectv2_CoordinateColorDepth\Kinect_CoordinateColorDepth\x64\Debug\link.command.1.tlog
C:\Users\kurep_000\Documents\Visual Studio 2012\Projects\Kinectv2_CoordinateColorDepth\Kinect_CoordinateColorDepth\x64\Debug\link.read.1.tlog
C:\Users\kurep_000\Documents\Visual Studio 2012\Projects\Kinectv2_CoordinateColorDepth\Kinect_CoordinateColorDepth\x64\Debug\link.write.1.tlog
C:\Users\kurep_000\Documents\Visual Studio 2012\Projects\Kinectv2_CoordinateColorDepth\Kinect_CoordinateColorDepth\x64\Debug\vc110.idb
C:\Users\kurep_000\Documents\Visual Studio 2012\Projects\Kinectv2_CoordinateColorDepth\Kinect_CoordinateColorDepth\x64\Debug\vc110.pdb
C:\Users\kurep_000\Documents\Visual Studio 2012\Projects\Kinectv2_CoordinateColorDepth\x64\Debug\Kinect_CoordinateColorDepth.pdb
C:\Users\kurep_000\Documents\Visual Studio 2012\Projects\Kinectv2_CoordinateColorDepth\x64\Debug\Kinect_CoordinateColorDepth.exe
C:\Users\kurep_000\Documents\Visual Studio 2012\Projects\Kinectv2_CoordinateColorDepth\x64\Debug\Kinect_CoordinateColorDepth.ilk
